CRITICAL - 2025-03-16 03:50:29 --> ErrorException: Undefined property: stdClass::$active
[Method: GET, Route: fetchPick]
in APPPATH\Controllers\pickupController.php on line 89.
 1 APPPATH\Controllers\pickupController.php(89): CodeIgniter\Debug\Exceptions->errorHandler(2, 'Undefined property: stdClass::$active', 'C:\\xampp\\htdocs\\myapp\\app\\Controllers\\pickupController.php', 89)
 2 SYSTEMPATH\CodeIgniter.php(933): App\Controllers\PickupController->pickTable()
 3 SYSTEMPATH\CodeIgniter.php(507): CodeIgniter\CodeIgniter->runController(Object(App\Controllers\PickupController))
 4 SYSTEMPATH\CodeIgniter.php(354): CodeIgniter\CodeIgniter->handleRequest(null, Object(Config\Cache), false)
 5 SYSTEMPATH\Boot.php(334): CodeIgniter\CodeIgniter->run()
 6 SYSTEMPATH\Boot.php(67): CodeIgniter\Boot::runCodeIgniter(Object(CodeIgniter\CodeIgniter))
 7 FCPATH\index.php(56): CodeIgniter\Boot::bootWeb(Object(Config\Paths))
CRITICAL - 2025-03-16 03:56:07 --> ErrorException: Undefined property: stdClass::$active
[Method: GET, Route: fetchPick]
in APPPATH\Controllers\pickupController.php on line 89.
 1 APPPATH\Controllers\pickupController.php(89): CodeIgniter\Debug\Exceptions->errorHandler(2, 'Undefined property: stdClass::$active', 'C:\\xampp\\htdocs\\myapp\\app\\Controllers\\pickupController.php', 89)
 2 SYSTEMPATH\CodeIgniter.php(933): App\Controllers\PickupController->pickTable()
 3 SYSTEMPATH\CodeIgniter.php(507): CodeIgniter\CodeIgniter->runController(Object(App\Controllers\PickupController))
 4 SYSTEMPATH\CodeIgniter.php(354): CodeIgniter\CodeIgniter->handleRequest(null, Object(Config\Cache), false)
 5 SYSTEMPATH\Boot.php(334): CodeIgniter\CodeIgniter->run()
 6 SYSTEMPATH\Boot.php(67): CodeIgniter\Boot::runCodeIgniter(Object(CodeIgniter\CodeIgniter))
 7 FCPATH\index.php(56): CodeIgniter\Boot::bootWeb(Object(Config\Paths))
CRITICAL - 2025-03-16 05:38:17 --> ErrorException: Undefined property: stdClass::$active
[Method: POST, Route: fetchPick]
in APPPATH\Controllers\pickupController.php on line 89.
 1 APPPATH\Controllers\pickupController.php(89): CodeIgniter\Debug\Exceptions->errorHandler(2, 'Undefined property: stdClass::$active', 'C:\\xampp\\htdocs\\myapp\\app\\Controllers\\pickupController.php', 89)
 2 SYSTEMPATH\CodeIgniter.php(933): App\Controllers\PickupController->pickTable()
 3 SYSTEMPATH\CodeIgniter.php(507): CodeIgniter\CodeIgniter->runController(Object(App\Controllers\PickupController))
 4 SYSTEMPATH\CodeIgniter.php(354): CodeIgniter\CodeIgniter->handleRequest(null, Object(Config\Cache), false)
 5 SYSTEMPATH\Boot.php(334): CodeIgniter\CodeIgniter->run()
 6 SYSTEMPATH\Boot.php(67): CodeIgniter\Boot::runCodeIgniter(Object(CodeIgniter\CodeIgniter))
 7 FCPATH\index.php(56): CodeIgniter\Boot::bootWeb(Object(Config\Paths))
CRITICAL - 2025-03-16 07:38:43 --> ParseError: syntax error, unexpected identifier "add"
[Method: GET, Route: pickup]
in APPPATH\Controllers\pickupController.php on line 79.
 1 SYSTEMPATH\Autoloader\Autoloader.php(295): CodeIgniter\Autoloader\Autoloader->includeFile('C:\\xampp\\htdocs\\myapp\\app\\Controllers\\PickupController.php')
 2 SYSTEMPATH\Autoloader\Autoloader.php(271): CodeIgniter\Autoloader\Autoloader->loadInNamespace('App\\Controllers\\PickupController')
 3 [internal function]: CodeIgniter\Autoloader\Autoloader->loadClass('App\\Controllers\\PickupController')
 4 SYSTEMPATH\CodeIgniter.php(885): class_exists('\\App\\Controllers\\PickupController', true)
 5 SYSTEMPATH\CodeIgniter.php(494): CodeIgniter\CodeIgniter->startController()
 6 SYSTEMPATH\CodeIgniter.php(354): CodeIgniter\CodeIgniter->handleRequest(null, Object(Config\Cache), false)
 7 SYSTEMPATH\Boot.php(334): CodeIgniter\CodeIgniter->run()
 8 SYSTEMPATH\Boot.php(67): CodeIgniter\Boot::runCodeIgniter(Object(CodeIgniter\CodeIgniter))
 9 FCPATH\index.php(56): CodeIgniter\Boot::bootWeb(Object(Config\Paths))
CRITICAL - 2025-03-16 07:51:15 --> ErrorException: Namespace declaration statement has to be the very first statement or after any declare call in the script
[Method: GET, Route: fetchUserData]
in APPPATH\Controllers\pickupController.php on line 3.
 1 [internal function]: CodeIgniter\Debug\Exceptions->shutdownHandler()
CRITICAL - 2025-03-16 07:52:13 --> ErrorException: Namespace declaration statement has to be the very first statement or after any declare call in the script
[Method: GET, Route: pickup]
in APPPATH\Controllers\pickupController.php on line 3.
 1 [internal function]: CodeIgniter\Debug\Exceptions->shutdownHandler()
CRITICAL - 2025-03-16 07:53:11 --> ErrorException: Namespace declaration statement has to be the very first statement or after any declare call in the script
[Method: GET, Route: pickup]
in APPPATH\Controllers\pickupController.php on line 3.
 1 [internal function]: CodeIgniter\Debug\Exceptions->shutdownHandler()
CRITICAL - 2025-03-16 07:53:19 --> ErrorException: Namespace declaration statement has to be the very first statement or after any declare call in the script
[Method: GET, Route: pickup]
in APPPATH\Controllers\pickupController.php on line 3.
 1 [internal function]: CodeIgniter\Debug\Exceptions->shutdownHandler()
CRITICAL - 2025-03-16 07:53:45 --> ErrorException: Namespace declaration statement has to be the very first statement or after any declare call in the script
[Method: GET, Route: pickup]
in APPPATH\Controllers\pickupController.php on line 3.
 1 [internal function]: CodeIgniter\Debug\Exceptions->shutdownHandler()
CRITICAL - 2025-03-16 07:54:45 --> ErrorException: Namespace declaration statement has to be the very first statement or after any declare call in the script
[Method: GET, Route: pickup]
in APPPATH\Controllers\pickupController.php on line 3.
 1 [internal function]: CodeIgniter\Debug\Exceptions->shutdownHandler()
CRITICAL - 2025-03-16 07:55:57 --> ErrorException: Namespace declaration statement has to be the very first statement or after any declare call in the script
[Method: GET, Route: fetchUserData]
in APPPATH\Controllers\pickupController.php on line 3.
 1 [internal function]: CodeIgniter\Debug\Exceptions->shutdownHandler()
CRITICAL - 2025-03-16 08:30:54 --> ErrorException: Undefined variable $edit
[Method: GET, Route: editPickup/5]
in APPPATH\Views\pickup\editModal.php on line 6.
 1 APPPATH\Views\pickup\editModal.php(6): CodeIgniter\Debug\Exceptions->errorHandler(2, 'Undefined variable $edit', 'C:\\xampp\\htdocs\\myapp\\app\\Views\\pickup\\editModal.php', 6)
 2 SYSTEMPATH\View\View.php(224): include('C:\\xampp\\htdocs\\myapp\\app\\Views\\pickup\\editModal.php')
 3 SYSTEMPATH\View\View.php(227): CodeIgniter\View\View->CodeIgniter\View\{closure}()
 4 SYSTEMPATH\Common.php(1173): CodeIgniter\View\View->render('pickup/editModal', [], true)
 5 APPPATH\Controllers\pickupController.php(89): view('pickup/editModal', [...])
 6 SYSTEMPATH\CodeIgniter.php(933): App\Controllers\PickupController->pickEdit('5')
 7 SYSTEMPATH\CodeIgniter.php(507): CodeIgniter\CodeIgniter->runController(Object(App\Controllers\PickupController))
 8 SYSTEMPATH\CodeIgniter.php(354): CodeIgniter\CodeIgniter->handleRequest(null, Object(Config\Cache), false)
 9 SYSTEMPATH\Boot.php(334): CodeIgniter\CodeIgniter->run()
10 SYSTEMPATH\Boot.php(67): CodeIgniter\Boot::runCodeIgniter(Object(CodeIgniter\CodeIgniter))
11 FCPATH\index.php(56): CodeIgniter\Boot::bootWeb(Object(Config\Paths))
CRITICAL - 2025-03-16 08:30:55 --> ErrorException: Undefined variable $edit
[Method: GET, Route: editPickup/5]
in APPPATH\Views\pickup\editModal.php on line 6.
 1 APPPATH\Views\pickup\editModal.php(6): CodeIgniter\Debug\Exceptions->errorHandler(2, 'Undefined variable $edit', 'C:\\xampp\\htdocs\\myapp\\app\\Views\\pickup\\editModal.php', 6)
 2 SYSTEMPATH\View\View.php(224): include('C:\\xampp\\htdocs\\myapp\\app\\Views\\pickup\\editModal.php')
 3 SYSTEMPATH\View\View.php(227): CodeIgniter\View\View->CodeIgniter\View\{closure}()
 4 SYSTEMPATH\Common.php(1173): CodeIgniter\View\View->render('pickup/editModal', [], true)
 5 APPPATH\Controllers\pickupController.php(89): view('pickup/editModal', [...])
 6 SYSTEMPATH\CodeIgniter.php(933): App\Controllers\PickupController->pickEdit('5')
 7 SYSTEMPATH\CodeIgniter.php(507): CodeIgniter\CodeIgniter->runController(Object(App\Controllers\PickupController))
 8 SYSTEMPATH\CodeIgniter.php(354): CodeIgniter\CodeIgniter->handleRequest(null, Object(Config\Cache), false)
 9 SYSTEMPATH\Boot.php(334): CodeIgniter\CodeIgniter->run()
10 SYSTEMPATH\Boot.php(67): CodeIgniter\Boot::runCodeIgniter(Object(CodeIgniter\CodeIgniter))
11 FCPATH\index.php(56): CodeIgniter\Boot::bootWeb(Object(Config\Paths))
CRITICAL - 2025-03-16 08:30:55 --> ErrorException: Undefined variable $edit
[Method: GET, Route: editPickup/5]
in APPPATH\Views\pickup\editModal.php on line 6.
 1 APPPATH\Views\pickup\editModal.php(6): CodeIgniter\Debug\Exceptions->errorHandler(2, 'Undefined variable $edit', 'C:\\xampp\\htdocs\\myapp\\app\\Views\\pickup\\editModal.php', 6)
 2 SYSTEMPATH\View\View.php(224): include('C:\\xampp\\htdocs\\myapp\\app\\Views\\pickup\\editModal.php')
 3 SYSTEMPATH\View\View.php(227): CodeIgniter\View\View->CodeIgniter\View\{closure}()
 4 SYSTEMPATH\Common.php(1173): CodeIgniter\View\View->render('pickup/editModal', [], true)
 5 APPPATH\Controllers\pickupController.php(89): view('pickup/editModal', [...])
 6 SYSTEMPATH\CodeIgniter.php(933): App\Controllers\PickupController->pickEdit('5')
 7 SYSTEMPATH\CodeIgniter.php(507): CodeIgniter\CodeIgniter->runController(Object(App\Controllers\PickupController))
 8 SYSTEMPATH\CodeIgniter.php(354): CodeIgniter\CodeIgniter->handleRequest(null, Object(Config\Cache), false)
 9 SYSTEMPATH\Boot.php(334): CodeIgniter\CodeIgniter->run()
10 SYSTEMPATH\Boot.php(67): CodeIgniter\Boot::runCodeIgniter(Object(CodeIgniter\CodeIgniter))
11 FCPATH\index.php(56): CodeIgniter\Boot::bootWeb(Object(Config\Paths))
CRITICAL - 2025-03-16 08:30:55 --> ErrorException: Undefined variable $edit
[Method: GET, Route: editPickup/5]
in APPPATH\Views\pickup\editModal.php on line 6.
 1 APPPATH\Views\pickup\editModal.php(6): CodeIgniter\Debug\Exceptions->errorHandler(2, 'Undefined variable $edit', 'C:\\xampp\\htdocs\\myapp\\app\\Views\\pickup\\editModal.php', 6)
 2 SYSTEMPATH\View\View.php(224): include('C:\\xampp\\htdocs\\myapp\\app\\Views\\pickup\\editModal.php')
 3 SYSTEMPATH\View\View.php(227): CodeIgniter\View\View->CodeIgniter\View\{closure}()
 4 SYSTEMPATH\Common.php(1173): CodeIgniter\View\View->render('pickup/editModal', [], true)
 5 APPPATH\Controllers\pickupController.php(89): view('pickup/editModal', [...])
 6 SYSTEMPATH\CodeIgniter.php(933): App\Controllers\PickupController->pickEdit('5')
 7 SYSTEMPATH\CodeIgniter.php(507): CodeIgniter\CodeIgniter->runController(Object(App\Controllers\PickupController))
 8 SYSTEMPATH\CodeIgniter.php(354): CodeIgniter\CodeIgniter->handleRequest(null, Object(Config\Cache), false)
 9 SYSTEMPATH\Boot.php(334): CodeIgniter\CodeIgniter->run()
10 SYSTEMPATH\Boot.php(67): CodeIgniter\Boot::runCodeIgniter(Object(CodeIgniter\CodeIgniter))
11 FCPATH\index.php(56): CodeIgniter\Boot::bootWeb(Object(Config\Paths))
CRITICAL - 2025-03-16 08:30:56 --> ErrorException: Undefined variable $edit
[Method: GET, Route: editPickup/4]
in APPPATH\Views\pickup\editModal.php on line 6.
 1 APPPATH\Views\pickup\editModal.php(6): CodeIgniter\Debug\Exceptions->errorHandler(2, 'Undefined variable $edit', 'C:\\xampp\\htdocs\\myapp\\app\\Views\\pickup\\editModal.php', 6)
 2 SYSTEMPATH\View\View.php(224): include('C:\\xampp\\htdocs\\myapp\\app\\Views\\pickup\\editModal.php')
 3 SYSTEMPATH\View\View.php(227): CodeIgniter\View\View->CodeIgniter\View\{closure}()
 4 SYSTEMPATH\Common.php(1173): CodeIgniter\View\View->render('pickup/editModal', [], true)
 5 APPPATH\Controllers\pickupController.php(89): view('pickup/editModal', [...])
 6 SYSTEMPATH\CodeIgniter.php(933): App\Controllers\PickupController->pickEdit('4')
 7 SYSTEMPATH\CodeIgniter.php(507): CodeIgniter\CodeIgniter->runController(Object(App\Controllers\PickupController))
 8 SYSTEMPATH\CodeIgniter.php(354): CodeIgniter\CodeIgniter->handleRequest(null, Object(Config\Cache), false)
 9 SYSTEMPATH\Boot.php(334): CodeIgniter\CodeIgniter->run()
10 SYSTEMPATH\Boot.php(67): CodeIgniter\Boot::runCodeIgniter(Object(CodeIgniter\CodeIgniter))
11 FCPATH\index.php(56): CodeIgniter\Boot::bootWeb(Object(Config\Paths))
CRITICAL - 2025-03-16 08:30:56 --> ErrorException: Undefined variable $edit
[Method: GET, Route: editPickup/4]
in APPPATH\Views\pickup\editModal.php on line 6.
 1 APPPATH\Views\pickup\editModal.php(6): CodeIgniter\Debug\Exceptions->errorHandler(2, 'Undefined variable $edit', 'C:\\xampp\\htdocs\\myapp\\app\\Views\\pickup\\editModal.php', 6)
 2 SYSTEMPATH\View\View.php(224): include('C:\\xampp\\htdocs\\myapp\\app\\Views\\pickup\\editModal.php')
 3 SYSTEMPATH\View\View.php(227): CodeIgniter\View\View->CodeIgniter\View\{closure}()
 4 SYSTEMPATH\Common.php(1173): CodeIgniter\View\View->render('pickup/editModal', [], true)
 5 APPPATH\Controllers\pickupController.php(89): view('pickup/editModal', [...])
 6 SYSTEMPATH\CodeIgniter.php(933): App\Controllers\PickupController->pickEdit('4')
 7 SYSTEMPATH\CodeIgniter.php(507): CodeIgniter\CodeIgniter->runController(Object(App\Controllers\PickupController))
 8 SYSTEMPATH\CodeIgniter.php(354): CodeIgniter\CodeIgniter->handleRequest(null, Object(Config\Cache), false)
 9 SYSTEMPATH\Boot.php(334): CodeIgniter\CodeIgniter->run()
10 SYSTEMPATH\Boot.php(67): CodeIgniter\Boot::runCodeIgniter(Object(CodeIgniter\CodeIgniter))
11 FCPATH\index.php(56): CodeIgniter\Boot::bootWeb(Object(Config\Paths))
CRITICAL - 2025-03-16 08:30:57 --> ErrorException: Undefined variable $edit
[Method: GET, Route: editPickup/4]
in APPPATH\Views\pickup\editModal.php on line 6.
 1 APPPATH\Views\pickup\editModal.php(6): CodeIgniter\Debug\Exceptions->errorHandler(2, 'Undefined variable $edit', 'C:\\xampp\\htdocs\\myapp\\app\\Views\\pickup\\editModal.php', 6)
 2 SYSTEMPATH\View\View.php(224): include('C:\\xampp\\htdocs\\myapp\\app\\Views\\pickup\\editModal.php')
 3 SYSTEMPATH\View\View.php(227): CodeIgniter\View\View->CodeIgniter\View\{closure}()
 4 SYSTEMPATH\Common.php(1173): CodeIgniter\View\View->render('pickup/editModal', [], true)
 5 APPPATH\Controllers\pickupController.php(89): view('pickup/editModal', [...])
 6 SYSTEMPATH\CodeIgniter.php(933): App\Controllers\PickupController->pickEdit('4')
 7 SYSTEMPATH\CodeIgniter.php(507): CodeIgniter\CodeIgniter->runController(Object(App\Controllers\PickupController))
 8 SYSTEMPATH\CodeIgniter.php(354): CodeIgniter\CodeIgniter->handleRequest(null, Object(Config\Cache), false)
 9 SYSTEMPATH\Boot.php(334): CodeIgniter\CodeIgniter->run()
10 SYSTEMPATH\Boot.php(67): CodeIgniter\Boot::runCodeIgniter(Object(CodeIgniter\CodeIgniter))
11 FCPATH\index.php(56): CodeIgniter\Boot::bootWeb(Object(Config\Paths))
CRITICAL - 2025-03-16 08:30:57 --> ErrorException: Undefined variable $edit
[Method: GET, Route: editPickup/3]
in APPPATH\Views\pickup\editModal.php on line 6.
 1 APPPATH\Views\pickup\editModal.php(6): CodeIgniter\Debug\Exceptions->errorHandler(2, 'Undefined variable $edit', 'C:\\xampp\\htdocs\\myapp\\app\\Views\\pickup\\editModal.php', 6)
 2 SYSTEMPATH\View\View.php(224): include('C:\\xampp\\htdocs\\myapp\\app\\Views\\pickup\\editModal.php')
 3 SYSTEMPATH\View\View.php(227): CodeIgniter\View\View->CodeIgniter\View\{closure}()
 4 SYSTEMPATH\Common.php(1173): CodeIgniter\View\View->render('pickup/editModal', [], true)
 5 APPPATH\Controllers\pickupController.php(89): view('pickup/editModal', [...])
 6 SYSTEMPATH\CodeIgniter.php(933): App\Controllers\PickupController->pickEdit('3')
 7 SYSTEMPATH\CodeIgniter.php(507): CodeIgniter\CodeIgniter->runController(Object(App\Controllers\PickupController))
 8 SYSTEMPATH\CodeIgniter.php(354): CodeIgniter\CodeIgniter->handleRequest(null, Object(Config\Cache), false)
 9 SYSTEMPATH\Boot.php(334): CodeIgniter\CodeIgniter->run()
10 SYSTEMPATH\Boot.php(67): CodeIgniter\Boot::runCodeIgniter(Object(CodeIgniter\CodeIgniter))
11 FCPATH\index.php(56): CodeIgniter\Boot::bootWeb(Object(Config\Paths))
CRITICAL - 2025-03-16 08:30:58 --> ErrorException: Undefined variable $edit
[Method: GET, Route: editPickup/3]
in APPPATH\Views\pickup\editModal.php on line 6.
 1 APPPATH\Views\pickup\editModal.php(6): CodeIgniter\Debug\Exceptions->errorHandler(2, 'Undefined variable $edit', 'C:\\xampp\\htdocs\\myapp\\app\\Views\\pickup\\editModal.php', 6)
 2 SYSTEMPATH\View\View.php(224): include('C:\\xampp\\htdocs\\myapp\\app\\Views\\pickup\\editModal.php')
 3 SYSTEMPATH\View\View.php(227): CodeIgniter\View\View->CodeIgniter\View\{closure}()
 4 SYSTEMPATH\Common.php(1173): CodeIgniter\View\View->render('pickup/editModal', [], true)
 5 APPPATH\Controllers\pickupController.php(89): view('pickup/editModal', [...])
 6 SYSTEMPATH\CodeIgniter.php(933): App\Controllers\PickupController->pickEdit('3')
 7 SYSTEMPATH\CodeIgniter.php(507): CodeIgniter\CodeIgniter->runController(Object(App\Controllers\PickupController))
 8 SYSTEMPATH\CodeIgniter.php(354): CodeIgniter\CodeIgniter->handleRequest(null, Object(Config\Cache), false)
 9 SYSTEMPATH\Boot.php(334): CodeIgniter\CodeIgniter->run()
10 SYSTEMPATH\Boot.php(67): CodeIgniter\Boot::runCodeIgniter(Object(CodeIgniter\CodeIgniter))
11 FCPATH\index.php(56): CodeIgniter\Boot::bootWeb(Object(Config\Paths))
CRITICAL - 2025-03-16 08:30:59 --> ErrorException: Undefined variable $edit
[Method: GET, Route: editPickup/2]
in APPPATH\Views\pickup\editModal.php on line 6.
 1 APPPATH\Views\pickup\editModal.php(6): CodeIgniter\Debug\Exceptions->errorHandler(2, 'Undefined variable $edit', 'C:\\xampp\\htdocs\\myapp\\app\\Views\\pickup\\editModal.php', 6)
 2 SYSTEMPATH\View\View.php(224): include('C:\\xampp\\htdocs\\myapp\\app\\Views\\pickup\\editModal.php')
 3 SYSTEMPATH\View\View.php(227): CodeIgniter\View\View->CodeIgniter\View\{closure}()
 4 SYSTEMPATH\Common.php(1173): CodeIgniter\View\View->render('pickup/editModal', [], true)
 5 APPPATH\Controllers\pickupController.php(89): view('pickup/editModal', [...])
 6 SYSTEMPATH\CodeIgniter.php(933): App\Controllers\PickupController->pickEdit('2')
 7 SYSTEMPATH\CodeIgniter.php(507): CodeIgniter\CodeIgniter->runController(Object(App\Controllers\PickupController))
 8 SYSTEMPATH\CodeIgniter.php(354): CodeIgniter\CodeIgniter->handleRequest(null, Object(Config\Cache), false)
 9 SYSTEMPATH\Boot.php(334): CodeIgniter\CodeIgniter->run()
10 SYSTEMPATH\Boot.php(67): CodeIgniter\Boot::runCodeIgniter(Object(CodeIgniter\CodeIgniter))
11 FCPATH\index.php(56): CodeIgniter\Boot::bootWeb(Object(Config\Paths))
CRITICAL - 2025-03-16 08:30:59 --> ErrorException: Undefined variable $edit
[Method: GET, Route: editPickup/2]
in APPPATH\Views\pickup\editModal.php on line 6.
 1 APPPATH\Views\pickup\editModal.php(6): CodeIgniter\Debug\Exceptions->errorHandler(2, 'Undefined variable $edit', 'C:\\xampp\\htdocs\\myapp\\app\\Views\\pickup\\editModal.php', 6)
 2 SYSTEMPATH\View\View.php(224): include('C:\\xampp\\htdocs\\myapp\\app\\Views\\pickup\\editModal.php')
 3 SYSTEMPATH\View\View.php(227): CodeIgniter\View\View->CodeIgniter\View\{closure}()
 4 SYSTEMPATH\Common.php(1173): CodeIgniter\View\View->render('pickup/editModal', [], true)
 5 APPPATH\Controllers\pickupController.php(89): view('pickup/editModal', [...])
 6 SYSTEMPATH\CodeIgniter.php(933): App\Controllers\PickupController->pickEdit('2')
 7 SYSTEMPATH\CodeIgniter.php(507): CodeIgniter\CodeIgniter->runController(Object(App\Controllers\PickupController))
 8 SYSTEMPATH\CodeIgniter.php(354): CodeIgniter\CodeIgniter->handleRequest(null, Object(Config\Cache), false)
 9 SYSTEMPATH\Boot.php(334): CodeIgniter\CodeIgniter->run()
10 SYSTEMPATH\Boot.php(67): CodeIgniter\Boot::runCodeIgniter(Object(CodeIgniter\CodeIgniter))
11 FCPATH\index.php(56): CodeIgniter\Boot::bootWeb(Object(Config\Paths))
CRITICAL - 2025-03-16 08:30:59 --> ErrorException: Undefined variable $edit
[Method: GET, Route: editPickup/2]
in APPPATH\Views\pickup\editModal.php on line 6.
 1 APPPATH\Views\pickup\editModal.php(6): CodeIgniter\Debug\Exceptions->errorHandler(2, 'Undefined variable $edit', 'C:\\xampp\\htdocs\\myapp\\app\\Views\\pickup\\editModal.php', 6)
 2 SYSTEMPATH\View\View.php(224): include('C:\\xampp\\htdocs\\myapp\\app\\Views\\pickup\\editModal.php')
 3 SYSTEMPATH\View\View.php(227): CodeIgniter\View\View->CodeIgniter\View\{closure}()
 4 SYSTEMPATH\Common.php(1173): CodeIgniter\View\View->render('pickup/editModal', [], true)
 5 APPPATH\Controllers\pickupController.php(89): view('pickup/editModal', [...])
 6 SYSTEMPATH\CodeIgniter.php(933): App\Controllers\PickupController->pickEdit('2')
 7 SYSTEMPATH\CodeIgniter.php(507): CodeIgniter\CodeIgniter->runController(Object(App\Controllers\PickupController))
 8 SYSTEMPATH\CodeIgniter.php(354): CodeIgniter\CodeIgniter->handleRequest(null, Object(Config\Cache), false)
 9 SYSTEMPATH\Boot.php(334): CodeIgniter\CodeIgniter->run()
10 SYSTEMPATH\Boot.php(67): CodeIgniter\Boot::runCodeIgniter(Object(CodeIgniter\CodeIgniter))
11 FCPATH\index.php(56): CodeIgniter\Boot::bootWeb(Object(Config\Paths))
CRITICAL - 2025-03-16 08:30:59 --> ErrorException: Undefined variable $edit
[Method: GET, Route: editPickup/1]
in APPPATH\Views\pickup\editModal.php on line 6.
 1 APPPATH\Views\pickup\editModal.php(6): CodeIgniter\Debug\Exceptions->errorHandler(2, 'Undefined variable $edit', 'C:\\xampp\\htdocs\\myapp\\app\\Views\\pickup\\editModal.php', 6)
 2 SYSTEMPATH\View\View.php(224): include('C:\\xampp\\htdocs\\myapp\\app\\Views\\pickup\\editModal.php')
 3 SYSTEMPATH\View\View.php(227): CodeIgniter\View\View->CodeIgniter\View\{closure}()
 4 SYSTEMPATH\Common.php(1173): CodeIgniter\View\View->render('pickup/editModal', [], true)
 5 APPPATH\Controllers\pickupController.php(89): view('pickup/editModal', [...])
 6 SYSTEMPATH\CodeIgniter.php(933): App\Controllers\PickupController->pickEdit('1')
 7 SYSTEMPATH\CodeIgniter.php(507): CodeIgniter\CodeIgniter->runController(Object(App\Controllers\PickupController))
 8 SYSTEMPATH\CodeIgniter.php(354): CodeIgniter\CodeIgniter->handleRequest(null, Object(Config\Cache), false)
 9 SYSTEMPATH\Boot.php(334): CodeIgniter\CodeIgniter->run()
10 SYSTEMPATH\Boot.php(67): CodeIgniter\Boot::runCodeIgniter(Object(CodeIgniter\CodeIgniter))
11 FCPATH\index.php(56): CodeIgniter\Boot::bootWeb(Object(Config\Paths))
CRITICAL - 2025-03-16 08:31:00 --> ErrorException: Undefined variable $edit
[Method: GET, Route: editPickup/1]
in APPPATH\Views\pickup\editModal.php on line 6.
 1 APPPATH\Views\pickup\editModal.php(6): CodeIgniter\Debug\Exceptions->errorHandler(2, 'Undefined variable $edit', 'C:\\xampp\\htdocs\\myapp\\app\\Views\\pickup\\editModal.php', 6)
 2 SYSTEMPATH\View\View.php(224): include('C:\\xampp\\htdocs\\myapp\\app\\Views\\pickup\\editModal.php')
 3 SYSTEMPATH\View\View.php(227): CodeIgniter\View\View->CodeIgniter\View\{closure}()
 4 SYSTEMPATH\Common.php(1173): CodeIgniter\View\View->render('pickup/editModal', [], true)
 5 APPPATH\Controllers\pickupController.php(89): view('pickup/editModal', [...])
 6 SYSTEMPATH\CodeIgniter.php(933): App\Controllers\PickupController->pickEdit('1')
 7 SYSTEMPATH\CodeIgniter.php(507): CodeIgniter\CodeIgniter->runController(Object(App\Controllers\PickupController))
 8 SYSTEMPATH\CodeIgniter.php(354): CodeIgniter\CodeIgniter->handleRequest(null, Object(Config\Cache), false)
 9 SYSTEMPATH\Boot.php(334): CodeIgniter\CodeIgniter->run()
10 SYSTEMPATH\Boot.php(67): CodeIgniter\Boot::runCodeIgniter(Object(CodeIgniter\CodeIgniter))
11 FCPATH\index.php(56): CodeIgniter\Boot::bootWeb(Object(Config\Paths))
CRITICAL - 2025-03-16 08:31:00 --> ErrorException: Undefined variable $edit
[Method: GET, Route: editPickup/1]
in APPPATH\Views\pickup\editModal.php on line 6.
 1 APPPATH\Views\pickup\editModal.php(6): CodeIgniter\Debug\Exceptions->errorHandler(2, 'Undefined variable $edit', 'C:\\xampp\\htdocs\\myapp\\app\\Views\\pickup\\editModal.php', 6)
 2 SYSTEMPATH\View\View.php(224): include('C:\\xampp\\htdocs\\myapp\\app\\Views\\pickup\\editModal.php')
 3 SYSTEMPATH\View\View.php(227): CodeIgniter\View\View->CodeIgniter\View\{closure}()
 4 SYSTEMPATH\Common.php(1173): CodeIgniter\View\View->render('pickup/editModal', [], true)
 5 APPPATH\Controllers\pickupController.php(89): view('pickup/editModal', [...])
 6 SYSTEMPATH\CodeIgniter.php(933): App\Controllers\PickupController->pickEdit('1')
 7 SYSTEMPATH\CodeIgniter.php(507): CodeIgniter\CodeIgniter->runController(Object(App\Controllers\PickupController))
 8 SYSTEMPATH\CodeIgniter.php(354): CodeIgniter\CodeIgniter->handleRequest(null, Object(Config\Cache), false)
 9 SYSTEMPATH\Boot.php(334): CodeIgniter\CodeIgniter->run()
10 SYSTEMPATH\Boot.php(67): CodeIgniter\Boot::runCodeIgniter(Object(CodeIgniter\CodeIgniter))
11 FCPATH\index.php(56): CodeIgniter\Boot::bootWeb(Object(Config\Paths))
CRITICAL - 2025-03-16 08:31:00 --> ErrorException: Undefined variable $edit
[Method: GET, Route: editPickup/1]
in APPPATH\Views\pickup\editModal.php on line 6.
 1 APPPATH\Views\pickup\editModal.php(6): CodeIgniter\Debug\Exceptions->errorHandler(2, 'Undefined variable $edit', 'C:\\xampp\\htdocs\\myapp\\app\\Views\\pickup\\editModal.php', 6)
 2 SYSTEMPATH\View\View.php(224): include('C:\\xampp\\htdocs\\myapp\\app\\Views\\pickup\\editModal.php')
 3 SYSTEMPATH\View\View.php(227): CodeIgniter\View\View->CodeIgniter\View\{closure}()
 4 SYSTEMPATH\Common.php(1173): CodeIgniter\View\View->render('pickup/editModal', [], true)
 5 APPPATH\Controllers\pickupController.php(89): view('pickup/editModal', [...])
 6 SYSTEMPATH\CodeIgniter.php(933): App\Controllers\PickupController->pickEdit('1')
 7 SYSTEMPATH\CodeIgniter.php(507): CodeIgniter\CodeIgniter->runController(Object(App\Controllers\PickupController))
 8 SYSTEMPATH\CodeIgniter.php(354): CodeIgniter\CodeIgniter->handleRequest(null, Object(Config\Cache), false)
 9 SYSTEMPATH\Boot.php(334): CodeIgniter\CodeIgniter->run()
10 SYSTEMPATH\Boot.php(67): CodeIgniter\Boot::runCodeIgniter(Object(CodeIgniter\CodeIgniter))
11 FCPATH\index.php(56): CodeIgniter\Boot::bootWeb(Object(Config\Paths))
CRITICAL - 2025-03-16 08:31:18 --> ErrorException: Undefined variable $edit
[Method: GET, Route: editPickup/5]
in APPPATH\Views\pickup\editModal.php on line 6.
 1 APPPATH\Views\pickup\editModal.php(6): CodeIgniter\Debug\Exceptions->errorHandler(2, 'Undefined variable $edit', 'C:\\xampp\\htdocs\\myapp\\app\\Views\\pickup\\editModal.php', 6)
 2 SYSTEMPATH\View\View.php(224): include('C:\\xampp\\htdocs\\myapp\\app\\Views\\pickup\\editModal.php')
 3 SYSTEMPATH\View\View.php(227): CodeIgniter\View\View->CodeIgniter\View\{closure}()
 4 SYSTEMPATH\Common.php(1173): CodeIgniter\View\View->render('pickup/editModal', [], true)
 5 APPPATH\Controllers\pickupController.php(89): view('pickup/editModal', [...])
 6 SYSTEMPATH\CodeIgniter.php(933): App\Controllers\PickupController->pickEdit('5')
 7 SYSTEMPATH\CodeIgniter.php(507): CodeIgniter\CodeIgniter->runController(Object(App\Controllers\PickupController))
 8 SYSTEMPATH\CodeIgniter.php(354): CodeIgniter\CodeIgniter->handleRequest(null, Object(Config\Cache), false)
 9 SYSTEMPATH\Boot.php(334): CodeIgniter\CodeIgniter->run()
10 SYSTEMPATH\Boot.php(67): CodeIgniter\Boot::runCodeIgniter(Object(CodeIgniter\CodeIgniter))
11 FCPATH\index.php(56): CodeIgniter\Boot::bootWeb(Object(Config\Paths))
CRITICAL - 2025-03-16 08:31:18 --> ErrorException: Undefined variable $edit
[Method: GET, Route: editPickup/5]
in APPPATH\Views\pickup\editModal.php on line 6.
 1 APPPATH\Views\pickup\editModal.php(6): CodeIgniter\Debug\Exceptions->errorHandler(2, 'Undefined variable $edit', 'C:\\xampp\\htdocs\\myapp\\app\\Views\\pickup\\editModal.php', 6)
 2 SYSTEMPATH\View\View.php(224): include('C:\\xampp\\htdocs\\myapp\\app\\Views\\pickup\\editModal.php')
 3 SYSTEMPATH\View\View.php(227): CodeIgniter\View\View->CodeIgniter\View\{closure}()
 4 SYSTEMPATH\Common.php(1173): CodeIgniter\View\View->render('pickup/editModal', [], true)
 5 APPPATH\Controllers\pickupController.php(89): view('pickup/editModal', [...])
 6 SYSTEMPATH\CodeIgniter.php(933): App\Controllers\PickupController->pickEdit('5')
 7 SYSTEMPATH\CodeIgniter.php(507): CodeIgniter\CodeIgniter->runController(Object(App\Controllers\PickupController))
 8 SYSTEMPATH\CodeIgniter.php(354): CodeIgniter\CodeIgniter->handleRequest(null, Object(Config\Cache), false)
 9 SYSTEMPATH\Boot.php(334): CodeIgniter\CodeIgniter->run()
10 SYSTEMPATH\Boot.php(67): CodeIgniter\Boot::runCodeIgniter(Object(CodeIgniter\CodeIgniter))
11 FCPATH\index.php(56): CodeIgniter\Boot::bootWeb(Object(Config\Paths))
CRITICAL - 2025-03-16 08:31:18 --> ErrorException: Undefined variable $edit
[Method: GET, Route: editPickup/5]
in APPPATH\Views\pickup\editModal.php on line 6.
 1 APPPATH\Views\pickup\editModal.php(6): CodeIgniter\Debug\Exceptions->errorHandler(2, 'Undefined variable $edit', 'C:\\xampp\\htdocs\\myapp\\app\\Views\\pickup\\editModal.php', 6)
 2 SYSTEMPATH\View\View.php(224): include('C:\\xampp\\htdocs\\myapp\\app\\Views\\pickup\\editModal.php')
 3 SYSTEMPATH\View\View.php(227): CodeIgniter\View\View->CodeIgniter\View\{closure}()
 4 SYSTEMPATH\Common.php(1173): CodeIgniter\View\View->render('pickup/editModal', [], true)
 5 APPPATH\Controllers\pickupController.php(89): view('pickup/editModal', [...])
 6 SYSTEMPATH\CodeIgniter.php(933): App\Controllers\PickupController->pickEdit('5')
 7 SYSTEMPATH\CodeIgniter.php(507): CodeIgniter\CodeIgniter->runController(Object(App\Controllers\PickupController))
 8 SYSTEMPATH\CodeIgniter.php(354): CodeIgniter\CodeIgniter->handleRequest(null, Object(Config\Cache), false)
 9 SYSTEMPATH\Boot.php(334): CodeIgniter\CodeIgniter->run()
10 SYSTEMPATH\Boot.php(67): CodeIgniter\Boot::runCodeIgniter(Object(CodeIgniter\CodeIgniter))
11 FCPATH\index.php(56): CodeIgniter\Boot::bootWeb(Object(Config\Paths))
CRITICAL - 2025-03-16 08:31:19 --> ErrorException: Undefined variable $edit
[Method: GET, Route: editPickup/4]
in APPPATH\Views\pickup\editModal.php on line 6.
 1 APPPATH\Views\pickup\editModal.php(6): CodeIgniter\Debug\Exceptions->errorHandler(2, 'Undefined variable $edit', 'C:\\xampp\\htdocs\\myapp\\app\\Views\\pickup\\editModal.php', 6)
 2 SYSTEMPATH\View\View.php(224): include('C:\\xampp\\htdocs\\myapp\\app\\Views\\pickup\\editModal.php')
 3 SYSTEMPATH\View\View.php(227): CodeIgniter\View\View->CodeIgniter\View\{closure}()
 4 SYSTEMPATH\Common.php(1173): CodeIgniter\View\View->render('pickup/editModal', [], true)
 5 APPPATH\Controllers\pickupController.php(89): view('pickup/editModal', [...])
 6 SYSTEMPATH\CodeIgniter.php(933): App\Controllers\PickupController->pickEdit('4')
 7 SYSTEMPATH\CodeIgniter.php(507): CodeIgniter\CodeIgniter->runController(Object(App\Controllers\PickupController))
 8 SYSTEMPATH\CodeIgniter.php(354): CodeIgniter\CodeIgniter->handleRequest(null, Object(Config\Cache), false)
 9 SYSTEMPATH\Boot.php(334): CodeIgniter\CodeIgniter->run()
10 SYSTEMPATH\Boot.php(67): CodeIgniter\Boot::runCodeIgniter(Object(CodeIgniter\CodeIgniter))
11 FCPATH\index.php(56): CodeIgniter\Boot::bootWeb(Object(Config\Paths))
CRITICAL - 2025-03-16 08:31:19 --> ErrorException: Undefined variable $edit
[Method: GET, Route: editPickup/4]
in APPPATH\Views\pickup\editModal.php on line 6.
 1 APPPATH\Views\pickup\editModal.php(6): CodeIgniter\Debug\Exceptions->errorHandler(2, 'Undefined variable $edit', 'C:\\xampp\\htdocs\\myapp\\app\\Views\\pickup\\editModal.php', 6)
 2 SYSTEMPATH\View\View.php(224): include('C:\\xampp\\htdocs\\myapp\\app\\Views\\pickup\\editModal.php')
 3 SYSTEMPATH\View\View.php(227): CodeIgniter\View\View->CodeIgniter\View\{closure}()
 4 SYSTEMPATH\Common.php(1173): CodeIgniter\View\View->render('pickup/editModal', [], true)
 5 APPPATH\Controllers\pickupController.php(89): view('pickup/editModal', [...])
 6 SYSTEMPATH\CodeIgniter.php(933): App\Controllers\PickupController->pickEdit('4')
 7 SYSTEMPATH\CodeIgniter.php(507): CodeIgniter\CodeIgniter->runController(Object(App\Controllers\PickupController))
 8 SYSTEMPATH\CodeIgniter.php(354): CodeIgniter\CodeIgniter->handleRequest(null, Object(Config\Cache), false)
 9 SYSTEMPATH\Boot.php(334): CodeIgniter\CodeIgniter->run()
10 SYSTEMPATH\Boot.php(67): CodeIgniter\Boot::runCodeIgniter(Object(CodeIgniter\CodeIgniter))
11 FCPATH\index.php(56): CodeIgniter\Boot::bootWeb(Object(Config\Paths))
CRITICAL - 2025-03-16 08:31:22 --> ErrorException: Undefined variable $edit
[Method: GET, Route: editPickup/5]
in APPPATH\Views\pickup\editModal.php on line 6.
 1 APPPATH\Views\pickup\editModal.php(6): CodeIgniter\Debug\Exceptions->errorHandler(2, 'Undefined variable $edit', 'C:\\xampp\\htdocs\\myapp\\app\\Views\\pickup\\editModal.php', 6)
 2 SYSTEMPATH\View\View.php(224): include('C:\\xampp\\htdocs\\myapp\\app\\Views\\pickup\\editModal.php')
 3 SYSTEMPATH\View\View.php(227): CodeIgniter\View\View->CodeIgniter\View\{closure}()
 4 SYSTEMPATH\Common.php(1173): CodeIgniter\View\View->render('pickup/editModal', [], true)
 5 APPPATH\Controllers\pickupController.php(89): view('pickup/editModal', [...])
 6 SYSTEMPATH\CodeIgniter.php(933): App\Controllers\PickupController->pickEdit('5')
 7 SYSTEMPATH\CodeIgniter.php(507): CodeIgniter\CodeIgniter->runController(Object(App\Controllers\PickupController))
 8 SYSTEMPATH\CodeIgniter.php(354): CodeIgniter\CodeIgniter->handleRequest(null, Object(Config\Cache), false)
 9 SYSTEMPATH\Boot.php(334): CodeIgniter\CodeIgniter->run()
10 SYSTEMPATH\Boot.php(67): CodeIgniter\Boot::runCodeIgniter(Object(CodeIgniter\CodeIgniter))
11 FCPATH\index.php(56): CodeIgniter\Boot::bootWeb(Object(Config\Paths))
CRITICAL - 2025-03-16 08:31:22 --> ErrorException: Undefined variable $edit
[Method: GET, Route: editPickup/5]
in APPPATH\Views\pickup\editModal.php on line 6.
 1 APPPATH\Views\pickup\editModal.php(6): CodeIgniter\Debug\Exceptions->errorHandler(2, 'Undefined variable $edit', 'C:\\xampp\\htdocs\\myapp\\app\\Views\\pickup\\editModal.php', 6)
 2 SYSTEMPATH\View\View.php(224): include('C:\\xampp\\htdocs\\myapp\\app\\Views\\pickup\\editModal.php')
 3 SYSTEMPATH\View\View.php(227): CodeIgniter\View\View->CodeIgniter\View\{closure}()
 4 SYSTEMPATH\Common.php(1173): CodeIgniter\View\View->render('pickup/editModal', [], true)
 5 APPPATH\Controllers\pickupController.php(89): view('pickup/editModal', [...])
 6 SYSTEMPATH\CodeIgniter.php(933): App\Controllers\PickupController->pickEdit('5')
 7 SYSTEMPATH\CodeIgniter.php(507): CodeIgniter\CodeIgniter->runController(Object(App\Controllers\PickupController))
 8 SYSTEMPATH\CodeIgniter.php(354): CodeIgniter\CodeIgniter->handleRequest(null, Object(Config\Cache), false)
 9 SYSTEMPATH\Boot.php(334): CodeIgniter\CodeIgniter->run()
10 SYSTEMPATH\Boot.php(67): CodeIgniter\Boot::runCodeIgniter(Object(CodeIgniter\CodeIgniter))
11 FCPATH\index.php(56): CodeIgniter\Boot::bootWeb(Object(Config\Paths))
CRITICAL - 2025-03-16 08:34:00 --> TypeError: view(): Argument #2 ($data) must be of type array, stdClass given, called in C:\xampp\htdocs\myapp\app\Controllers\pickupController.php on line 89
[Method: GET, Route: editPickup/5]
in SYSTEMPATH\Common.php on line 1161.
 1 APPPATH\Controllers\pickupController.php(89): view('pickup/editModal', Object(stdClass))
 2 SYSTEMPATH\CodeIgniter.php(933): App\Controllers\PickupController->pickEdit('5')
 3 SYSTEMPATH\CodeIgniter.php(507): CodeIgniter\CodeIgniter->runController(Object(App\Controllers\PickupController))
 4 SYSTEMPATH\CodeIgniter.php(354): CodeIgniter\CodeIgniter->handleRequest(null, Object(Config\Cache), false)
 5 SYSTEMPATH\Boot.php(334): CodeIgniter\CodeIgniter->run()
 6 SYSTEMPATH\Boot.php(67): CodeIgniter\Boot::runCodeIgniter(Object(CodeIgniter\CodeIgniter))
 7 FCPATH\index.php(56): CodeIgniter\Boot::bootWeb(Object(Config\Paths))
CRITICAL - 2025-03-16 08:34:01 --> TypeError: view(): Argument #2 ($data) must be of type array, stdClass given, called in C:\xampp\htdocs\myapp\app\Controllers\pickupController.php on line 89
[Method: GET, Route: editPickup/4]
in SYSTEMPATH\Common.php on line 1161.
 1 APPPATH\Controllers\pickupController.php(89): view('pickup/editModal', Object(stdClass))
 2 SYSTEMPATH\CodeIgniter.php(933): App\Controllers\PickupController->pickEdit('4')
 3 SYSTEMPATH\CodeIgniter.php(507): CodeIgniter\CodeIgniter->runController(Object(App\Controllers\PickupController))
 4 SYSTEMPATH\CodeIgniter.php(354): CodeIgniter\CodeIgniter->handleRequest(null, Object(Config\Cache), false)
 5 SYSTEMPATH\Boot.php(334): CodeIgniter\CodeIgniter->run()
 6 SYSTEMPATH\Boot.php(67): CodeIgniter\Boot::runCodeIgniter(Object(CodeIgniter\CodeIgniter))
 7 FCPATH\index.php(56): CodeIgniter\Boot::bootWeb(Object(Config\Paths))
CRITICAL - 2025-03-16 08:34:01 --> TypeError: view(): Argument #2 ($data) must be of type array, stdClass given, called in C:\xampp\htdocs\myapp\app\Controllers\pickupController.php on line 89
[Method: GET, Route: editPickup/4]
in SYSTEMPATH\Common.php on line 1161.
 1 APPPATH\Controllers\pickupController.php(89): view('pickup/editModal', Object(stdClass))
 2 SYSTEMPATH\CodeIgniter.php(933): App\Controllers\PickupController->pickEdit('4')
 3 SYSTEMPATH\CodeIgniter.php(507): CodeIgniter\CodeIgniter->runController(Object(App\Controllers\PickupController))
 4 SYSTEMPATH\CodeIgniter.php(354): CodeIgniter\CodeIgniter->handleRequest(null, Object(Config\Cache), false)
 5 SYSTEMPATH\Boot.php(334): CodeIgniter\CodeIgniter->run()
 6 SYSTEMPATH\Boot.php(67): CodeIgniter\Boot::runCodeIgniter(Object(CodeIgniter\CodeIgniter))
 7 FCPATH\index.php(56): CodeIgniter\Boot::bootWeb(Object(Config\Paths))
CRITICAL - 2025-03-16 08:34:01 --> TypeError: view(): Argument #2 ($data) must be of type array, stdClass given, called in C:\xampp\htdocs\myapp\app\Controllers\pickupController.php on line 89
[Method: GET, Route: editPickup/4]
in SYSTEMPATH\Common.php on line 1161.
 1 APPPATH\Controllers\pickupController.php(89): view('pickup/editModal', Object(stdClass))
 2 SYSTEMPATH\CodeIgniter.php(933): App\Controllers\PickupController->pickEdit('4')
 3 SYSTEMPATH\CodeIgniter.php(507): CodeIgniter\CodeIgniter->runController(Object(App\Controllers\PickupController))
 4 SYSTEMPATH\CodeIgniter.php(354): CodeIgniter\CodeIgniter->handleRequest(null, Object(Config\Cache), false)
 5 SYSTEMPATH\Boot.php(334): CodeIgniter\CodeIgniter->run()
 6 SYSTEMPATH\Boot.php(67): CodeIgniter\Boot::runCodeIgniter(Object(CodeIgniter\CodeIgniter))
 7 FCPATH\index.php(56): CodeIgniter\Boot::bootWeb(Object(Config\Paths))
CRITICAL - 2025-03-16 08:34:02 --> TypeError: view(): Argument #2 ($data) must be of type array, stdClass given, called in C:\xampp\htdocs\myapp\app\Controllers\pickupController.php on line 89
[Method: GET, Route: editPickup/3]
in SYSTEMPATH\Common.php on line 1161.
 1 APPPATH\Controllers\pickupController.php(89): view('pickup/editModal', Object(stdClass))
 2 SYSTEMPATH\CodeIgniter.php(933): App\Controllers\PickupController->pickEdit('3')
 3 SYSTEMPATH\CodeIgniter.php(507): CodeIgniter\CodeIgniter->runController(Object(App\Controllers\PickupController))
 4 SYSTEMPATH\CodeIgniter.php(354): CodeIgniter\CodeIgniter->handleRequest(null, Object(Config\Cache), false)
 5 SYSTEMPATH\Boot.php(334): CodeIgniter\CodeIgniter->run()
 6 SYSTEMPATH\Boot.php(67): CodeIgniter\Boot::runCodeIgniter(Object(CodeIgniter\CodeIgniter))
 7 FCPATH\index.php(56): CodeIgniter\Boot::bootWeb(Object(Config\Paths))
CRITICAL - 2025-03-16 08:34:03 --> TypeError: view(): Argument #2 ($data) must be of type array, stdClass given, called in C:\xampp\htdocs\myapp\app\Controllers\pickupController.php on line 89
[Method: GET, Route: editPickup/2]
in SYSTEMPATH\Common.php on line 1161.
 1 APPPATH\Controllers\pickupController.php(89): view('pickup/editModal', Object(stdClass))
 2 SYSTEMPATH\CodeIgniter.php(933): App\Controllers\PickupController->pickEdit('2')
 3 SYSTEMPATH\CodeIgniter.php(507): CodeIgniter\CodeIgniter->runController(Object(App\Controllers\PickupController))
 4 SYSTEMPATH\CodeIgniter.php(354): CodeIgniter\CodeIgniter->handleRequest(null, Object(Config\Cache), false)
 5 SYSTEMPATH\Boot.php(334): CodeIgniter\CodeIgniter->run()
 6 SYSTEMPATH\Boot.php(67): CodeIgniter\Boot::runCodeIgniter(Object(CodeIgniter\CodeIgniter))
 7 FCPATH\index.php(56): CodeIgniter\Boot::bootWeb(Object(Config\Paths))
CRITICAL - 2025-03-16 08:34:03 --> TypeError: view(): Argument #2 ($data) must be of type array, stdClass given, called in C:\xampp\htdocs\myapp\app\Controllers\pickupController.php on line 89
[Method: GET, Route: editPickup/2]
in SYSTEMPATH\Common.php on line 1161.
 1 APPPATH\Controllers\pickupController.php(89): view('pickup/editModal', Object(stdClass))
 2 SYSTEMPATH\CodeIgniter.php(933): App\Controllers\PickupController->pickEdit('2')
 3 SYSTEMPATH\CodeIgniter.php(507): CodeIgniter\CodeIgniter->runController(Object(App\Controllers\PickupController))
 4 SYSTEMPATH\CodeIgniter.php(354): CodeIgniter\CodeIgniter->handleRequest(null, Object(Config\Cache), false)
 5 SYSTEMPATH\Boot.php(334): CodeIgniter\CodeIgniter->run()
 6 SYSTEMPATH\Boot.php(67): CodeIgniter\Boot::runCodeIgniter(Object(CodeIgniter\CodeIgniter))
 7 FCPATH\index.php(56): CodeIgniter\Boot::bootWeb(Object(Config\Paths))
CRITICAL - 2025-03-16 08:34:03 --> TypeError: view(): Argument #2 ($data) must be of type array, stdClass given, called in C:\xampp\htdocs\myapp\app\Controllers\pickupController.php on line 89
[Method: GET, Route: editPickup/1]
in SYSTEMPATH\Common.php on line 1161.
 1 APPPATH\Controllers\pickupController.php(89): view('pickup/editModal', Object(stdClass))
 2 SYSTEMPATH\CodeIgniter.php(933): App\Controllers\PickupController->pickEdit('1')
 3 SYSTEMPATH\CodeIgniter.php(507): CodeIgniter\CodeIgniter->runController(Object(App\Controllers\PickupController))
 4 SYSTEMPATH\CodeIgniter.php(354): CodeIgniter\CodeIgniter->handleRequest(null, Object(Config\Cache), false)
 5 SYSTEMPATH\Boot.php(334): CodeIgniter\CodeIgniter->run()
 6 SYSTEMPATH\Boot.php(67): CodeIgniter\Boot::runCodeIgniter(Object(CodeIgniter\CodeIgniter))
 7 FCPATH\index.php(56): CodeIgniter\Boot::bootWeb(Object(Config\Paths))
CRITICAL - 2025-03-16 08:34:04 --> TypeError: view(): Argument #2 ($data) must be of type array, stdClass given, called in C:\xampp\htdocs\myapp\app\Controllers\pickupController.php on line 89
[Method: GET, Route: editPickup/1]
in SYSTEMPATH\Common.php on line 1161.
 1 APPPATH\Controllers\pickupController.php(89): view('pickup/editModal', Object(stdClass))
 2 SYSTEMPATH\CodeIgniter.php(933): App\Controllers\PickupController->pickEdit('1')
 3 SYSTEMPATH\CodeIgniter.php(507): CodeIgniter\CodeIgniter->runController(Object(App\Controllers\PickupController))
 4 SYSTEMPATH\CodeIgniter.php(354): CodeIgniter\CodeIgniter->handleRequest(null, Object(Config\Cache), false)
 5 SYSTEMPATH\Boot.php(334): CodeIgniter\CodeIgniter->run()
 6 SYSTEMPATH\Boot.php(67): CodeIgniter\Boot::runCodeIgniter(Object(CodeIgniter\CodeIgniter))
 7 FCPATH\index.php(56): CodeIgniter\Boot::bootWeb(Object(Config\Paths))
CRITICAL - 2025-03-16 08:34:04 --> TypeError: view(): Argument #2 ($data) must be of type array, stdClass given, called in C:\xampp\htdocs\myapp\app\Controllers\pickupController.php on line 89
[Method: GET, Route: editPickup/1]
in SYSTEMPATH\Common.php on line 1161.
 1 APPPATH\Controllers\pickupController.php(89): view('pickup/editModal', Object(stdClass))
 2 SYSTEMPATH\CodeIgniter.php(933): App\Controllers\PickupController->pickEdit('1')
 3 SYSTEMPATH\CodeIgniter.php(507): CodeIgniter\CodeIgniter->runController(Object(App\Controllers\PickupController))
 4 SYSTEMPATH\CodeIgniter.php(354): CodeIgniter\CodeIgniter->handleRequest(null, Object(Config\Cache), false)
 5 SYSTEMPATH\Boot.php(334): CodeIgniter\CodeIgniter->run()
 6 SYSTEMPATH\Boot.php(67): CodeIgniter\Boot::runCodeIgniter(Object(CodeIgniter\CodeIgniter))
 7 FCPATH\index.php(56): CodeIgniter\Boot::bootWeb(Object(Config\Paths))
